<?xml version="1.0" encoding="UTF-8"?>
<testng-results skipped="0" failed="0" ignored="0" total="1" passed="1">
  <reporter-output>
  </reporter-output>
  <suite name="Default suite" duration-ms="10137" started-at="2023-02-04T17:11:03Z" finished-at="2023-02-04T17:11:14Z">
    <groups>
    </groups>
    <test name="Default test" duration-ms="10137" started-at="2023-02-04T17:11:03Z" finished-at="2023-02-04T17:11:14Z">
      <class name="pageObjectModel.MainClassForRegistratiion">
        <test-method status="PASS" signature="registration()[pri:0, instance:pageObjectModel.MainClassForRegistratiion@63355449]" name="registration" duration-ms="10097" started-at="2023-02-04T17:11:03Z" finished-at="2023-02-04T17:11:14Z">
          <reporter-output>
          </reporter-output>
        </test-method> <!-- registration -->
      </class> <!-- pageObjectModel.MainClassForRegistratiion -->
    </test> <!-- Default test -->
  </suite> <!-- Default suite -->
</testng-results>
