<?xml version="1.0" encoding="UTF-8"?>
<!-- Generated by org.testng.reporters.JUnitXMLReporter -->
<testsuite ignored="0" hostname="DESKTOP-QFEM0MH" failures="0" tests="4" name="Test" time="17.979" errors="0" timestamp="2022-11-25T17:04:58 IST">
  <testcase classname="testngexample.ParallelMethodTest" name="testCae1" time="5.707"/>
  <testcase classname="testngexample.ParallelClassTest" name="testCae1" time="7.849"/>
  <testcase classname="testngexample.ParallelClassTest" name="testCae2" time="3.922"/>
  <testcase classname="testngexample.ParallelMethodTest" name="testCae2" time="12.197"/>
</testsuite> <!-- Test -->
