<?xml version="1.0" encoding="UTF-8"?>
<!-- Generated by org.testng.reporters.JUnitReportReporter -->
<testsuite hostname="DESKTOP-QFEM0MH" failures="0" tests="2" name="testngexample.ParallelClassTest" time="12.289" errors="0" timestamp="2022-11-25T17:08:16 IST" skipped="0">
  <testcase classname="testngexample.ParallelClassTest" name="testCae2" time="3.753"/>
  <system-out/>
  <testcase classname="testngexample.ParallelClassTest" name="testCae1" time="8.536"/>
  <system-out/>
</testsuite> <!-- testngexample.ParallelClassTest -->
