<?xml version="1.0" encoding="UTF-8"?>
<!-- Generated by org.testng.reporters.JUnitReportReporter -->
<testsuite hostname="DESKTOP-QFEM0MH" failures="0" tests="5" name="testngexample.GroupsParameter" time="0.032" errors="0" timestamp="2022-11-25T12:37:46 IST" skipped="0">
  <testcase classname="testngexample.GroupsParameter" name="login" time="0.007"/>
  <system-out/>
  <testcase classname="testngexample.GroupsParameter" name="registration" time="0.004"/>
  <system-out/>
  <testcase classname="testngexample.GroupsParameter" name="openBroweser" time="0.005"/>
  <system-out/>
  <testcase classname="testngexample.GroupsParameter" name="logOut" time="0.013"/>
  <system-out/>
  <testcase classname="testngexample.GroupsParameter" name="sendAnEmail" time="0.003"/>
  <system-out/>
</testsuite> <!-- testngexample.GroupsParameter -->
