<?xml version="1.0" encoding="UTF-8"?>
<!-- Generated by org.testng.reporters.JUnitReportReporter -->
<testsuite hostname="DESKTOP-QFEM0MH" failures="0" tests="2" name="testngexample.SearchEmployeeHRM" time="26.509" errors="0" timestamp="2022-11-23T13:50:26 IST" skipped="1">
  <testcase classname="testngexample.SearchEmployeeHRM" name="searchEmployee" time="26.509"/>
  <system-out/>
  <testcase classname="testngexample.SearchEmployeeHRM" name="addUser">
    <skipped/>
  </testcase> <!-- addUser -->
  <system-out/>
</testsuite> <!-- testngexample.SearchEmployeeHRM -->
