<?xml version="1.0" encoding="UTF-8"?>
<!-- Generated by org.testng.reporters.JUnitReportReporter -->
<testsuite hostname="DESKTOP-QFEM0MH" failures="0" tests="4" name="testngexample.AccessDataProviderAnotherClass" time="0.022" errors="0" timestamp="2022-11-25T16:33:58 IST" skipped="0">
  <testcase classname="testngexample.AccessDataProviderAnotherClass" name="countriesTest" time="0.004"/>
  <system-out/>
  <testcase classname="testngexample.AccessDataProviderAnotherClass" name="countriesTest" time="0.003"/>
  <system-out/>
  <testcase classname="testngexample.AccessDataProviderAnotherClass" name="countriesTest" time="0.010"/>
  <system-out/>
  <testcase classname="testngexample.AccessDataProviderAnotherClass" name="countriesTest" time="0.005"/>
  <system-out/>
</testsuite> <!-- testngexample.AccessDataProviderAnotherClass -->
