<?xml version="1.0" encoding="UTF-8"?>
<!-- Generated by org.testng.reporters.JUnitReportReporter -->
<testsuite hostname="DESKTOP-QFEM0MH" failures="0" tests="5" name="testngexample.PriorityParameter" time="0.024" errors="0" timestamp="2022-11-21T12:11:16 IST" skipped="1">
  <testcase classname="testngexample.PriorityParameter" name="openBroweser" time="0.015"/>
  <system-out/>
  <testcase classname="testngexample.PriorityParameter" name="registration" time="0.003"/>
  <system-out/>
  <testcase classname="testngexample.PriorityParameter" name="login" time="0.002"/>
  <system-out/>
  <testcase classname="testngexample.PriorityParameter" name="logOut" time="0.004"/>
  <system-out/>
  <testcase classname="testngexample.PriorityParameter" name="sendAnEmail">
    <skipped/>
  </testcase> <!-- sendAnEmail -->
  <system-out/>
</testsuite> <!-- testngexample.PriorityParameter -->
