<?xml version="1.0" encoding="UTF-8"?>
<!-- Generated by org.testng.reporters.JUnitReportReporter -->
<testsuite hostname="DESKTOP-QFEM0MH" failures="0" tests="2" name="testngexample.ParallelMethodTest" time="18.200" errors="0" timestamp="2022-11-25T17:08:16 IST" skipped="0">
  <testcase classname="testngexample.ParallelMethodTest" name="testCae2" time="12.577"/>
  <system-out/>
  <testcase classname="testngexample.ParallelMethodTest" name="testCae1" time="5.623"/>
  <system-out/>
</testsuite> <!-- testngexample.ParallelMethodTest -->
