<?xml version="1.0" encoding="UTF-8"?>
<!-- Generated by org.testng.reporters.JUnitReportReporter -->
<testsuite hostname="DESKTOP-QFEM0MH" failures="0" tests="3" name="testngexample.DataProviderTestNg" time="0.013" errors="0" timestamp="2022-11-25T16:27:08 IST" skipped="0">
  <testcase classname="testngexample.DataProviderTestNg" name="countryTest" time="0.003"/>
  <system-out/>
  <testcase classname="testngexample.DataProviderTestNg" name="countryTest" time="0.008"/>
  <system-out/>
  <testcase classname="testngexample.DataProviderTestNg" name="countryTest" time="0.002"/>
  <system-out/>
</testsuite> <!-- testngexample.DataProviderTestNg -->
