<?xml version="1.0" encoding="UTF-8"?>
<!-- Generated by org.testng.reporters.JUnitReportReporter -->
<testsuite hostname="DESKTOP-QFEM0MH" failures="0" tests="2" name="testngexample.EnableParameter$AllAnnotations" time="0.009" errors="0" timestamp="2022-11-21T12:03:09 IST" skipped="1">
  <testcase classname="testngexample.EnableParameter$AllAnnotations" name="test1" time="0.009"/>
  <system-out/>
  <testcase classname="testngexample.EnableParameter$AllAnnotations" name="test2">
    <skipped/>
  </testcase> <!-- test2 -->
  <system-out/>
</testsuite> <!-- testngexample.EnableParameter$AllAnnotations -->
