<?xml version="1.0" encoding="UTF-8"?>
<!-- Generated by org.testng.reporters.JUnitXMLReporter -->
<testsuite ignored="1" hostname="DESKTOP-QFEM0MH" failures="0" tests="1" name="Test(failed)(failed)" time="19.789" errors="0" timestamp="2022-11-23T02:29:38 IST">
  <testcase classname="testngexample.SearchEmployeeHRM" name="addUser" time="5.201"/>
  <testcase classname="testngexample.SearchEmployeeHRM" name="searchEmployee" time="0.0">
    <ignored/>
  </testcase> <!-- searchEmployee -->
</testsuite> <!-- Test(failed)(failed) -->
